<?xml version="1.0" encoding="UTF-8"?>
<coverage generated="1774554394956" clover="3.2.0">
  <project timestamp="1774554394956" name="All files">
    <metrics statements="70" coveredstatements="63" conditionals="38" coveredconditionals="32" methods="20" coveredmethods="19" elements="128" coveredelements="114" complexity="0" loc="70" ncloc="70" packages="6" files="9" classes="9"/>
    <package name="src">
      <metrics statements="7" coveredstatements="4" conditionals="2" coveredconditionals="2" methods="3" coveredmethods="2"/>
      <file name="App.tsx" path="D:\Priv\Github\ResortMapCodeTest\ResorrMapCodeTestKarolJ\frontend\src\App.tsx">
        <metrics statements="5" coveredstatements="4" conditionals="2" coveredconditionals="2" methods="3" coveredmethods="2"/>
        <line num="17" count="37" type="stmt"/>
        <line num="20" count="36" type="stmt"/>
        <line num="21" count="15" type="stmt"/>
        <line num="24" count="36" type="stmt"/>
        <line num="45" count="0" type="stmt"/>
      </file>
      <file name="index.tsx" path="D:\Priv\Github\ResortMapCodeTest\ResorrMapCodeTestKarolJ\frontend\src\index.tsx">
        <metrics statements="2" coveredstatements="0" conditionals="0" coveredconditionals="0" methods="0" coveredmethods="0"/>
        <line num="6" count="0" type="stmt"/>
        <line num="9" count="0" type="stmt"/>
      </file>
    </package>
    <package name="src.api">
      <metrics statements="10" coveredstatements="8" conditionals="6" coveredconditionals="2" methods="2" coveredmethods="2"/>
      <file name="bookingApi.ts" path="D:\Priv\Github\ResortMapCodeTest\ResorrMapCodeTestKarolJ\frontend\src\api\bookingApi.ts">
        <metrics statements="10" coveredstatements="8" conditionals="6" coveredconditionals="2" methods="2" coveredmethods="2"/>
        <line num="1" count="3" type="stmt"/>
        <line num="3" count="3" type="stmt"/>
        <line num="5" count="6" type="stmt"/>
        <line num="6" count="6" type="cond" truecount="1" falsecount="1"/>
        <line num="7" count="6" type="stmt"/>
        <line num="10" count="1" type="stmt"/>
        <line num="15" count="1" type="cond" truecount="1" falsecount="1"/>
        <line num="16" count="0" type="stmt"/>
        <line num="17" count="0" type="cond" truecount="0" falsecount="2"/>
        <line num="19" count="1" type="stmt"/>
      </file>
    </package>
    <package name="src.components">
      <metrics statements="22" coveredstatements="22" conditionals="16" coveredconditionals="16" methods="10" coveredmethods="10"/>
      <file name="BookingForm.tsx" path="D:\Priv\Github\ResortMapCodeTest\ResorrMapCodeTestKarolJ\frontend\src\components\BookingForm.tsx">
        <metrics statements="7" coveredstatements="7" conditionals="2" coveredconditionals="2" methods="4" coveredmethods="4"/>
        <line num="8" count="3" type="stmt"/>
        <line num="9" count="43" type="stmt"/>
        <line num="10" count="43" type="stmt"/>
        <line num="12" count="43" type="stmt"/>
        <line num="15" count="10" type="stmt"/>
        <line num="16" count="25" type="stmt"/>
        <line num="17" count="3" type="cond" truecount="2" falsecount="0"/>
      </file>
      <file name="MapGrid.tsx" path="D:\Priv\Github\ResortMapCodeTest\ResorrMapCodeTestKarolJ\frontend\src\components\MapGrid.tsx">
        <metrics statements="12" coveredstatements="12" conditionals="12" coveredconditionals="12" methods="5" coveredmethods="5"/>
        <line num="12" count="3" type="stmt"/>
        <line num="13" count="63" type="stmt"/>
        <line num="16" count="16" type="stmt"/>
        <line num="18" count="30" type="cond" truecount="2" falsecount="0"/>
        <line num="19" count="30" type="stmt"/>
        <line num="21" count="30" type="stmt"/>
        <line num="25" count="2" type="stmt"/>
        <line num="47" count="3" type="stmt"/>
        <line num="48" count="24" type="cond" truecount="2" falsecount="0"/>
        <line num="49" count="18" type="cond" truecount="2" falsecount="0"/>
        <line num="50" count="15" type="cond" truecount="2" falsecount="0"/>
        <line num="51" count="13" type="stmt"/>
      </file>
      <file name="MessageDisplay.tsx" path="D:\Priv\Github\ResortMapCodeTest\ResorrMapCodeTestKarolJ\frontend\src\components\MessageDisplay.tsx">
        <metrics statements="3" coveredstatements="3" conditionals="2" coveredconditionals="2" methods="1" coveredmethods="1"/>
        <line num="8" count="3" type="stmt"/>
        <line num="9" count="42" type="cond" truecount="2" falsecount="0"/>
        <line num="11" count="8" type="stmt"/>
      </file>
    </package>
    <package name="src.hooks">
      <metrics statements="25" coveredstatements="23" conditionals="6" coveredconditionals="6" methods="4" coveredmethods="4"/>
      <file name="useBooking.ts" path="D:\Priv\Github\ResortMapCodeTest\ResorrMapCodeTestKarolJ\frontend\src\hooks\useBooking.ts">
        <metrics statements="25" coveredstatements="23" conditionals="6" coveredconditionals="6" methods="4" coveredmethods="4"/>
        <line num="5" count="3" type="stmt"/>
        <line num="6" count="46" type="stmt"/>
        <line num="7" count="45" type="stmt"/>
        <line num="8" count="45" type="stmt"/>
        <line num="10" count="45" type="stmt"/>
        <line num="11" count="16" type="stmt"/>
        <line num="12" count="16" type="stmt"/>
        <line num="13" count="16" type="stmt"/>
        <line num="15" count="0" type="stmt"/>
        <line num="19" count="45" type="stmt"/>
        <line num="20" count="2" type="cond" truecount="2" falsecount="0"/>
        <line num="21" count="1" type="stmt"/>
        <line num="22" count="1" type="stmt"/>
        <line num="23" count="1" type="stmt"/>
        <line num="24" count="1" type="stmt"/>
        <line num="25" count="1" type="stmt"/>
        <line num="27" count="0" type="stmt"/>
        <line num="31" count="45" type="stmt"/>
        <line num="32" count="4" type="cond" truecount="2" falsecount="0"/>
        <line num="33" count="3" type="cond" truecount="2" falsecount="0"/>
        <line num="35" count="1" type="stmt"/>
        <line num="36" count="1" type="stmt"/>
        <line num="39" count="2" type="stmt"/>
        <line num="40" count="2" type="stmt"/>
        <line num="45" count="45" type="stmt"/>
      </file>
    </package>
    <package name="src.models">
      <metrics statements="0" coveredstatements="0" conditionals="0" coveredconditionals="0" methods="0" coveredmethods="0"/>
      <file name="types.ts" path="D:\Priv\Github\ResortMapCodeTest\ResorrMapCodeTestKarolJ\frontend\src\models\types.ts">
        <metrics statements="0" coveredstatements="0" conditionals="0" coveredconditionals="0" methods="0" coveredmethods="0"/>
      </file>
    </package>
    <package name="src.utils">
      <metrics statements="6" coveredstatements="6" conditionals="8" coveredconditionals="6" methods="1" coveredmethods="1"/>
      <file name="assetMapper.ts" path="D:\Priv\Github\ResortMapCodeTest\ResorrMapCodeTestKarolJ\frontend\src\utils\assetMapper.ts">
        <metrics statements="6" coveredstatements="6" conditionals="8" coveredconditionals="6" methods="1" coveredmethods="1"/>
        <line num="1" count="3" type="stmt"/>
        <line num="2" count="30" type="stmt"/>
        <line num="8" count="30" type="cond" truecount="2" falsecount="0"/>
        <line num="9" count="6" type="stmt"/>
        <line num="16" count="6" type="cond" truecount="2" falsecount="2"/>
        <line num="19" count="24" type="cond" truecount="2" falsecount="0"/>
      </file>
    </package>
  </project>
</coverage>
