{"D:\\Priv\\Github\\ResortMapCodeTest\\ResorrMapCodeTestKarolJ\\frontend\\src\\App.tsx": {"path":"D:\\Priv\\Github\\ResortMapCodeTest\\ResorrMapCodeTestKarolJ\\frontend\\src\\App.tsx","statementMap":{"0":{"start":{"line":17,"column":6},"end":{"line":17,"column":18}},"1":{"start":{"line":20,"column":2},"end":{"line":22,"column":16}},"2":{"start":{"line":21,"column":4},"end":{"line":21,"column":14}},"3":{"start":{"line":24,"column":2},"end":{"line":53,"column":4}},"4":{"start":{"line":45,"column":30},"end":{"line":45,"column":51}}},"fnMap":{"0":{"name":"App","decl":{"start":{"line":8,"column":9},"end":{"line":8,"column":12}},"loc":{"start":{"line":8,"column":15},"end":{"line":54,"column":1}},"line":8},"1":{"name":"(anonymous_1)","decl":{"start":{"line":20,"column":12},"end":{"line":20,"column":13}},"loc":{"start":{"line":20,"column":18},"end":{"line":22,"column":3}},"line":20},"2":{"name":"(anonymous_2)","decl":{"start":{"line":45,"column":24},"end":{"line":45,"column":25}},"loc":{"start":{"line":45,"column":30},"end":{"line":45,"column":51}},"line":45}},"branchMap":{"0":{"loc":{"start":{"line":42,"column":11},"end":{"line":49,"column":11}},"type":"cond-expr","locations":[{"start":{"line":43,"column":12},"end":{"line":46,"column":14}},{"start":{"line":48,"column":12},"end":{"line":48,"column":76}}],"line":42}},"s":{"0":37,"1":36,"2":15,"3":36,"4":0},"f":{"0":37,"1":15,"2":0},"b":{"0":[2,34]},"_coverageSchema":"1a1c01bbd47fc00a2c39e90264f33305004495a9","hash":"7db339aa15006ef1d1952c85c7e1d58309819f7d"}
,"D:\\Priv\\Github\\ResortMapCodeTest\\ResorrMapCodeTestKarolJ\\frontend\\src\\index.tsx": {"path":"D:\\Priv\\Github\\ResortMapCodeTest\\ResorrMapCodeTestKarolJ\\frontend\\src\\index.tsx","statementMap":{"0":{"start":{"line":6,"column":13},"end":{"line":8,"column":1}},"1":{"start":{"line":9,"column":0},"end":{"line":13,"column":2}}},"fnMap":{},"branchMap":{},"s":{"0":0,"1":0},"f":{},"b":{}}
,"D:\\Priv\\Github\\ResortMapCodeTest\\ResorrMapCodeTestKarolJ\\frontend\\src\\api\\bookingApi.ts": {"path":"D:\\Priv\\Github\\ResortMapCodeTest\\ResorrMapCodeTestKarolJ\\frontend\\src\\api\\bookingApi.ts","statementMap":{"0":{"start":{"line":1,"column":17},"end":{"line":1,"column":44}},"1":{"start":{"line":3,"column":26},"end":{"line":21,"column":1}},"2":{"start":{"line":5,"column":16},"end":{"line":5,"column":46}},"3":{"start":{"line":6,"column":4},"end":{"line":6,"column":55}},"4":{"start":{"line":6,"column":17},"end":{"line":6,"column":55}},"5":{"start":{"line":7,"column":4},"end":{"line":7,"column":22}},"6":{"start":{"line":10,"column":16},"end":{"line":14,"column":6}},"7":{"start":{"line":15,"column":4},"end":{"line":18,"column":5}},"8":{"start":{"line":16,"column":24},"end":{"line":16,"column":40}},"9":{"start":{"line":17,"column":6},"end":{"line":17,"column":59}},"10":{"start":{"line":19,"column":4},"end":{"line":19,"column":22}}},"fnMap":{"0":{"name":"(anonymous_0)","decl":{"start":{"line":4,"column":12},"end":{"line":4,"column":13}},"loc":{"start":{"line":4,"column":24},"end":{"line":8,"column":3}},"line":4},"1":{"name":"(anonymous_1)","decl":{"start":{"line":9,"column":14},"end":{"line":9,"column":15}},"loc":{"start":{"line":9,"column":100},"end":{"line":20,"column":3}},"line":9}},"branchMap":{"0":{"loc":{"start":{"line":6,"column":4},"end":{"line":6,"column":55}},"type":"if","locations":[{"start":{"line":6,"column":4},"end":{"line":6,"column":55}},{"start":{},"end":{}}],"line":6},"1":{"loc":{"start":{"line":15,"column":4},"end":{"line":18,"column":5}},"type":"if","locations":[{"start":{"line":15,"column":4},"end":{"line":18,"column":5}},{"start":{},"end":{}}],"line":15},"2":{"loc":{"start":{"line":17,"column":22},"end":{"line":17,"column":57}},"type":"binary-expr","locations":[{"start":{"line":17,"column":22},"end":{"line":17,"column":37}},{"start":{"line":17,"column":41},"end":{"line":17,"column":57}}],"line":17}},"s":{"0":3,"1":3,"2":6,"3":6,"4":0,"5":6,"6":1,"7":1,"8":0,"9":0,"10":1},"f":{"0":6,"1":1},"b":{"0":[0,6],"1":[0,1],"2":[0,0]},"_coverageSchema":"1a1c01bbd47fc00a2c39e90264f33305004495a9","hash":"b845a8ae7d5df26e4bee0c1387831a16c5f1f5c5"}
,"D:\\Priv\\Github\\ResortMapCodeTest\\ResorrMapCodeTestKarolJ\\frontend\\src\\components\\BookingForm.tsx": {"path":"D:\\Priv\\Github\\ResortMapCodeTest\\ResorrMapCodeTestKarolJ\\frontend\\src\\components\\BookingForm.tsx","statementMap":{"0":{"start":{"line":8,"column":27},"end":{"line":21,"column":1}},"1":{"start":{"line":9,"column":26},"end":{"line":9,"column":38}},"2":{"start":{"line":10,"column":26},"end":{"line":10,"column":38}},"3":{"start":{"line":12,"column":2},"end":{"line":20,"column":4}},"4":{"start":{"line":15,"column":41},"end":{"line":15,"column":64}},"5":{"start":{"line":16,"column":41},"end":{"line":16,"column":64}},"6":{"start":{"line":17,"column":29},"end":{"line":17,"column":47}}},"fnMap":{"0":{"name":"(anonymous_0)","decl":{"start":{"line":8,"column":27},"end":{"line":8,"column":28}},"loc":{"start":{"line":8,"column":60},"end":{"line":21,"column":1}},"line":8},"1":{"name":"(anonymous_1)","decl":{"start":{"line":15,"column":36},"end":{"line":15,"column":37}},"loc":{"start":{"line":15,"column":41},"end":{"line":15,"column":64}},"line":15},"2":{"name":"(anonymous_2)","decl":{"start":{"line":16,"column":36},"end":{"line":16,"column":37}},"loc":{"start":{"line":16,"column":41},"end":{"line":16,"column":64}},"line":16},"3":{"name":"(anonymous_3)","decl":{"start":{"line":17,"column":23},"end":{"line":17,"column":24}},"loc":{"start":{"line":17,"column":29},"end":{"line":17,"column":47}},"line":17}},"branchMap":{"0":{"loc":{"start":{"line":17,"column":59},"end":{"line":17,"column":73}},"type":"binary-expr","locations":[{"start":{"line":17,"column":59},"end":{"line":17,"column":64}},{"start":{"line":17,"column":68},"end":{"line":17,"column":73}}],"line":17}},"s":{"0":3,"1":43,"2":43,"3":43,"4":10,"5":25,"6":3},"f":{"0":43,"1":10,"2":25,"3":3},"b":{"0":[43,35]},"_coverageSchema":"1a1c01bbd47fc00a2c39e90264f33305004495a9","hash":"1f7db7421423c29eef4143265f8b5b8b36e42c0c"}
,"D:\\Priv\\Github\\ResortMapCodeTest\\ResorrMapCodeTestKarolJ\\frontend\\src\\components\\MapGrid.tsx": {"path":"D:\\Priv\\Github\\ResortMapCodeTest\\ResorrMapCodeTestKarolJ\\frontend\\src\\components\\MapGrid.tsx","statementMap":{"0":{"start":{"line":12,"column":47},"end":{"line":44,"column":1}},"1":{"start":{"line":13,"column":2},"end":{"line":43,"column":4}},"2":{"start":{"line":16,"column":8},"end":{"line":40,"column":14}},"3":{"start":{"line":18,"column":31},"end":{"line":18,"column":95}},"4":{"start":{"line":19,"column":26},"end":{"line":19,"column":44}},"5":{"start":{"line":21,"column":12},"end":{"line":38,"column":14}},"6":{"start":{"line":25,"column":31},"end":{"line":25,"column":68}},"7":{"start":{"line":47,"column":20},"end":{"line":52,"column":1}},"8":{"start":{"line":48,"column":2},"end":{"line":48,"column":35}},"9":{"start":{"line":48,"column":25},"end":{"line":48,"column":35}},"10":{"start":{"line":49,"column":2},"end":{"line":49,"column":39}},"11":{"start":{"line":49,"column":21},"end":{"line":49,"column":39}},"12":{"start":{"line":50,"column":2},"end":{"line":50,"column":36}},"13":{"start":{"line":50,"column":18},"end":{"line":50,"column":36}},"14":{"start":{"line":51,"column":2},"end":{"line":51,"column":21}}},"fnMap":{"0":{"name":"(anonymous_0)","decl":{"start":{"line":12,"column":47},"end":{"line":12,"column":48}},"loc":{"start":{"line":12,"column":87},"end":{"line":44,"column":1}},"line":12},"1":{"name":"(anonymous_1)","decl":{"start":{"line":15,"column":15},"end":{"line":15,"column":16}},"loc":{"start":{"line":16,"column":8},"end":{"line":40,"column":14}},"line":16},"2":{"name":"(anonymous_2)","decl":{"start":{"line":17,"column":19},"end":{"line":17,"column":20}},"loc":{"start":{"line":17,"column":39},"end":{"line":39,"column":11}},"line":17},"3":{"name":"(anonymous_3)","decl":{"start":{"line":25,"column":25},"end":{"line":25,"column":26}},"loc":{"start":{"line":25,"column":31},"end":{"line":25,"column":68}},"line":25},"4":{"name":"(anonymous_4)","decl":{"start":{"line":47,"column":20},"end":{"line":47,"column":21}},"loc":{"start":{"line":47,"column":65},"end":{"line":52,"column":1}},"line":47}},"branchMap":{"0":{"loc":{"start":{"line":18,"column":31},"end":{"line":18,"column":95}},"type":"binary-expr","locations":[{"start":{"line":18,"column":31},"end":{"line":18,"column":61}},{"start":{"line":18,"column":65},"end":{"line":18,"column":95}}],"line":18},"1":{"loc":{"start":{"line":24,"column":35},"end":{"line":24,"column":68}},"type":"cond-expr","locations":[{"start":{"line":24,"column":55},"end":{"line":24,"column":63}},{"start":{"line":24,"column":66},"end":{"line":24,"column":68}}],"line":24},"2":{"loc":{"start":{"line":27,"column":17},"end":{"line":36,"column":17}},"type":"binary-expr","locations":[{"start":{"line":27,"column":17},"end":{"line":27,"column":22}},{"start":{"line":28,"column":18},"end":{"line":35,"column":20}}],"line":27},"3":{"loc":{"start":{"line":48,"column":2},"end":{"line":48,"column":35}},"type":"if","locations":[{"start":{"line":48,"column":2},"end":{"line":48,"column":35}},{"start":{},"end":{}}],"line":48},"4":{"loc":{"start":{"line":49,"column":2},"end":{"line":49,"column":39}},"type":"if","locations":[{"start":{"line":49,"column":2},"end":{"line":49,"column":39}},{"start":{},"end":{}}],"line":49},"5":{"loc":{"start":{"line":50,"column":2},"end":{"line":50,"column":36}},"type":"if","locations":[{"start":{"line":50,"column":2},"end":{"line":50,"column":36}},{"start":{},"end":{}}],"line":50}},"s":{"0":3,"1":63,"2":16,"3":30,"4":30,"5":30,"6":2,"7":3,"8":24,"9":6,"10":18,"11":3,"12":15,"13":2,"14":13},"f":{"0":63,"1":16,"2":30,"3":2,"4":24},"b":{"0":[30,4],"1":[18,12],"2":[30,24],"3":[6,18],"4":[3,15],"5":[2,13]},"_coverageSchema":"1a1c01bbd47fc00a2c39e90264f33305004495a9","hash":"0e72c98406ae88bd856f44526a7c90cfbd43f642"}
,"D:\\Priv\\Github\\ResortMapCodeTest\\ResorrMapCodeTestKarolJ\\frontend\\src\\components\\MessageDisplay.tsx": {"path":"D:\\Priv\\Github\\ResortMapCodeTest\\ResorrMapCodeTestKarolJ\\frontend\\src\\components\\MessageDisplay.tsx","statementMap":{"0":{"start":{"line":8,"column":54},"end":{"line":22,"column":1}},"1":{"start":{"line":9,"column":2},"end":{"line":9,"column":28}},"2":{"start":{"line":9,"column":16},"end":{"line":9,"column":28}},"3":{"start":{"line":11,"column":2},"end":{"line":21,"column":4}}},"fnMap":{"0":{"name":"(anonymous_0)","decl":{"start":{"line":8,"column":54},"end":{"line":8,"column":55}},"loc":{"start":{"line":8,"column":78},"end":{"line":22,"column":1}},"line":8}},"branchMap":{"0":{"loc":{"start":{"line":9,"column":2},"end":{"line":9,"column":28}},"type":"if","locations":[{"start":{"line":9,"column":2},"end":{"line":9,"column":28}},{"start":{},"end":{}}],"line":9}},"s":{"0":3,"1":42,"2":34,"3":8},"f":{"0":42},"b":{"0":[34,8]},"_coverageSchema":"1a1c01bbd47fc00a2c39e90264f33305004495a9","hash":"6a4658f2bcdc2c463e55ecfad9082d22cdfeb058"}
,"D:\\Priv\\Github\\ResortMapCodeTest\\ResorrMapCodeTestKarolJ\\frontend\\src\\hooks\\useBooking.ts": {"path":"D:\\Priv\\Github\\ResortMapCodeTest\\ResorrMapCodeTestKarolJ\\frontend\\src\\hooks\\useBooking.ts","statementMap":{"0":{"start":{"line":5,"column":26},"end":{"line":46,"column":1}},"1":{"start":{"line":6,"column":24},"end":{"line":6,"column":46}},"2":{"start":{"line":7,"column":42},"end":{"line":7,"column":91}},"3":{"start":{"line":8,"column":30},"end":{"line":8,"column":67}},"4":{"start":{"line":10,"column":18},"end":{"line":17,"column":3}},"5":{"start":{"line":11,"column":4},"end":{"line":16,"column":5}},"6":{"start":{"line":12,"column":19},"end":{"line":12,"column":46}},"7":{"start":{"line":13,"column":6},"end":{"line":13,"column":19}},"8":{"start":{"line":15,"column":6},"end":{"line":15,"column":53}},"9":{"start":{"line":19,"column":24},"end":{"line":29,"column":3}},"10":{"start":{"line":20,"column":4},"end":{"line":20,"column":30}},"11":{"start":{"line":20,"column":23},"end":{"line":20,"column":30}},"12":{"start":{"line":21,"column":4},"end":{"line":28,"column":5}},"13":{"start":{"line":22,"column":6},"end":{"line":22,"column":72}},"14":{"start":{"line":23,"column":6},"end":{"line":23,"column":65}},"15":{"start":{"line":24,"column":6},"end":{"line":24,"column":28}},"16":{"start":{"line":25,"column":6},"end":{"line":25,"column":22}},"17":{"start":{"line":27,"column":6},"end":{"line":27,"column":53}},"18":{"start":{"line":31,"column":27},"end":{"line":43,"column":3}},"19":{"start":{"line":32,"column":4},"end":{"line":42,"column":5}},"20":{"start":{"line":33,"column":6},"end":{"line":41,"column":7}},"21":{"start":{"line":35,"column":8},"end":{"line":35,"column":30}},"22":{"start":{"line":36,"column":8},"end":{"line":36,"column":78}},"23":{"start":{"line":39,"column":8},"end":{"line":39,"column":38}},"24":{"start":{"line":40,"column":8},"end":{"line":40,"column":47}},"25":{"start":{"line":45,"column":2},"end":{"line":45,"column":97}}},"fnMap":{"0":{"name":"(anonymous_0)","decl":{"start":{"line":5,"column":26},"end":{"line":5,"column":27}},"loc":{"start":{"line":5,"column":32},"end":{"line":46,"column":1}},"line":5},"1":{"name":"(anonymous_1)","decl":{"start":{"line":10,"column":18},"end":{"line":10,"column":19}},"loc":{"start":{"line":10,"column":30},"end":{"line":17,"column":3}},"line":10},"2":{"name":"(anonymous_2)","decl":{"start":{"line":19,"column":24},"end":{"line":19,"column":25}},"loc":{"start":{"line":19,"column":67},"end":{"line":29,"column":3}},"line":19},"3":{"name":"(anonymous_3)","decl":{"start":{"line":31,"column":27},"end":{"line":31,"column":28}},"loc":{"start":{"line":31,"column":69},"end":{"line":43,"column":3}},"line":31}},"branchMap":{"0":{"loc":{"start":{"line":20,"column":4},"end":{"line":20,"column":30}},"type":"if","locations":[{"start":{"line":20,"column":4},"end":{"line":20,"column":30}},{"start":{},"end":{}}],"line":20},"1":{"loc":{"start":{"line":32,"column":4},"end":{"line":42,"column":5}},"type":"if","locations":[{"start":{"line":32,"column":4},"end":{"line":42,"column":5}},{"start":{},"end":{}}],"line":32},"2":{"loc":{"start":{"line":33,"column":6},"end":{"line":41,"column":7}},"type":"if","locations":[{"start":{"line":33,"column":6},"end":{"line":41,"column":7}},{"start":{"line":37,"column":13},"end":{"line":41,"column":7}}],"line":33}},"s":{"0":3,"1":46,"2":45,"3":45,"4":45,"5":16,"6":16,"7":16,"8":0,"9":45,"10":2,"11":1,"12":1,"13":1,"14":1,"15":1,"16":1,"17":0,"18":45,"19":4,"20":3,"21":1,"22":1,"23":2,"24":2,"25":45},"f":{"0":46,"1":16,"2":2,"3":4},"b":{"0":[1,1],"1":[3,1],"2":[1,2]},"_coverageSchema":"1a1c01bbd47fc00a2c39e90264f33305004495a9","hash":"5ca3faff5cf68d023ce3d08567dd4805e566a81f"}
,"D:\\Priv\\Github\\ResortMapCodeTest\\ResorrMapCodeTestKarolJ\\frontend\\src\\models\\types.ts": {"path":"D:\\Priv\\Github\\ResortMapCodeTest\\ResorrMapCodeTestKarolJ\\frontend\\src\\models\\types.ts","statementMap":{},"fnMap":{},"branchMap":{},"s":{},"f":{},"b":{}}
,"D:\\Priv\\Github\\ResortMapCodeTest\\ResorrMapCodeTestKarolJ\\frontend\\src\\utils\\assetMapper.ts": {"path":"D:\\Priv\\Github\\ResortMapCodeTest\\ResorrMapCodeTestKarolJ\\frontend\\src\\utils\\assetMapper.ts","statementMap":{"0":{"start":{"line":1,"column":28},"end":{"line":20,"column":1}},"1":{"start":{"line":2,"column":41},"end":{"line":6,"column":3}},"2":{"start":{"line":8,"column":2},"end":{"line":17,"column":3}},"3":{"start":{"line":9,"column":48},"end":{"line":15,"column":5}},"4":{"start":{"line":16,"column":4},"end":{"line":16,"column":59}},"5":{"start":{"line":19,"column":2},"end":{"line":19,"column":35}}},"fnMap":{"0":{"name":"(anonymous_0)","decl":{"start":{"line":1,"column":28},"end":{"line":1,"column":29}},"loc":{"start":{"line":1,"column":58},"end":{"line":20,"column":1}},"line":1}},"branchMap":{"0":{"loc":{"start":{"line":8,"column":2},"end":{"line":17,"column":3}},"type":"if","locations":[{"start":{"line":8,"column":2},"end":{"line":17,"column":3}},{"start":{},"end":{}}],"line":8},"1":{"loc":{"start":{"line":16,"column":11},"end":{"line":16,"column":58}},"type":"binary-expr","locations":[{"start":{"line":16,"column":11},"end":{"line":16,"column":40}},{"start":{"line":16,"column":44},"end":{"line":16,"column":58}}],"line":16},"2":{"loc":{"start":{"line":16,"column":23},"end":{"line":16,"column":39}},"type":"binary-expr","locations":[{"start":{"line":16,"column":23},"end":{"line":16,"column":33}},{"start":{"line":16,"column":37},"end":{"line":16,"column":39}}],"line":16},"3":{"loc":{"start":{"line":19,"column":9},"end":{"line":19,"column":34}},"type":"binary-expr","locations":[{"start":{"line":19,"column":9},"end":{"line":19,"column":26}},{"start":{"line":19,"column":30},"end":{"line":19,"column":34}}],"line":19}},"s":{"0":3,"1":30,"2":30,"3":6,"4":6,"5":24},"f":{"0":30},"b":{"0":[6,24],"1":[6,0],"2":[6,0],"3":[24,6]},"_coverageSchema":"1a1c01bbd47fc00a2c39e90264f33305004495a9","hash":"79ed0afc7a0f5bbcb8ffb31a7666a3f070ac197a"}
}
