TN:
SF:src\App.tsx
FN:8,App
FN:20,(anonymous_1)
FN:45,(anonymous_2)
FNF:3
FNH:2
FNDA:37,App
FNDA:15,(anonymous_1)
FNDA:0,(anonymous_2)
DA:17,37
DA:20,36
DA:21,15
DA:24,36
DA:45,0
LF:5
LH:4
BRDA:42,0,0,2
BRDA:42,0,1,34
BRF:2
BRH:2
end_of_record
TN:
SF:src\index.tsx
FNF:0
FNH:0
DA:6,0
DA:9,0
LF:2
LH:0
BRF:0
BRH:0
end_of_record
TN:
SF:src\api\bookingApi.ts
FN:4,(anonymous_0)
FN:9,(anonymous_1)
FNF:2
FNH:2
FNDA:6,(anonymous_0)
FNDA:1,(anonymous_1)
DA:1,3
DA:3,3
DA:5,6
DA:6,6
DA:7,6
DA:10,1
DA:15,1
DA:16,0
DA:17,0
DA:19,1
LF:10
LH:8
BRDA:6,0,0,0
BRDA:6,0,1,6
BRDA:15,1,0,0
BRDA:15,1,1,1
BRDA:17,2,0,0
BRDA:17,2,1,0
BRF:6
BRH:2
end_of_record
TN:
SF:src\components\BookingForm.tsx
FN:8,(anonymous_0)
FN:15,(anonymous_1)
FN:16,(anonymous_2)
FN:17,(anonymous_3)
FNF:4
FNH:4
FNDA:43,(anonymous_0)
FNDA:10,(anonymous_1)
FNDA:25,(anonymous_2)
FNDA:3,(anonymous_3)
DA:8,3
DA:9,43
DA:10,43
DA:12,43
DA:15,10
DA:16,25
DA:17,3
LF:7
LH:7
BRDA:17,0,0,43
BRDA:17,0,1,35
BRF:2
BRH:2
end_of_record
TN:
SF:src\components\MapGrid.tsx
FN:12,(anonymous_0)
FN:15,(anonymous_1)
FN:17,(anonymous_2)
FN:25,(anonymous_3)
FN:47,(anonymous_4)
FNF:5
FNH:5
FNDA:63,(anonymous_0)
FNDA:16,(anonymous_1)
FNDA:30,(anonymous_2)
FNDA:2,(anonymous_3)
FNDA:24,(anonymous_4)
DA:12,3
DA:13,63
DA:16,16
DA:18,30
DA:19,30
DA:21,30
DA:25,2
DA:47,3
DA:48,24
DA:49,18
DA:50,15
DA:51,13
LF:12
LH:12
BRDA:18,0,0,30
BRDA:18,0,1,4
BRDA:24,1,0,18
BRDA:24,1,1,12
BRDA:27,2,0,30
BRDA:27,2,1,24
BRDA:48,3,0,6
BRDA:48,3,1,18
BRDA:49,4,0,3
BRDA:49,4,1,15
BRDA:50,5,0,2
BRDA:50,5,1,13
BRF:12
BRH:12
end_of_record
TN:
SF:src\components\MessageDisplay.tsx
FN:8,(anonymous_0)
FNF:1
FNH:1
FNDA:42,(anonymous_0)
DA:8,3
DA:9,42
DA:11,8
LF:3
LH:3
BRDA:9,0,0,34
BRDA:9,0,1,8
BRF:2
BRH:2
end_of_record
TN:
SF:src\hooks\useBooking.ts
FN:5,(anonymous_0)
FN:10,(anonymous_1)
FN:19,(anonymous_2)
FN:31,(anonymous_3)
FNF:4
FNH:4
FNDA:46,(anonymous_0)
FNDA:16,(anonymous_1)
FNDA:2,(anonymous_2)
FNDA:4,(anonymous_3)
DA:5,3
DA:6,46
DA:7,45
DA:8,45
DA:10,45
DA:11,16
DA:12,16
DA:13,16
DA:15,0
DA:19,45
DA:20,2
DA:21,1
DA:22,1
DA:23,1
DA:24,1
DA:25,1
DA:27,0
DA:31,45
DA:32,4
DA:33,3
DA:35,1
DA:36,1
DA:39,2
DA:40,2
DA:45,45
LF:25
LH:23
BRDA:20,0,0,1
BRDA:20,0,1,1
BRDA:32,1,0,3
BRDA:32,1,1,1
BRDA:33,2,0,1
BRDA:33,2,1,2
BRF:6
BRH:6
end_of_record
TN:
SF:src\models\types.ts
FNF:0
FNH:0
LF:0
LH:0
BRF:0
BRH:0
end_of_record
TN:
SF:src\utils\assetMapper.ts
FN:1,(anonymous_0)
FNF:1
FNH:1
FNDA:30,(anonymous_0)
DA:1,3
DA:2,30
DA:8,30
DA:9,6
DA:16,6
DA:19,24
LF:6
LH:6
BRDA:8,0,0,6
BRDA:8,0,1,24
BRDA:16,1,0,6
BRDA:16,1,1,0
BRDA:16,2,0,6
BRDA:16,2,1,0
BRDA:19,3,0,24
BRDA:19,3,1,6
BRF:8
BRH:6
end_of_record
